<?xml version="1.0" encoding="UTF-8"?>
<testng-results ignored="0" total="1" passed="1" failed="0" skipped="0">
  <reporter-output>
  </reporter-output>
  <suite started-at="2024-03-24T17:31:49 IST" name="TestNGDemoSuite" finished-at="2024-03-24T17:35:14 IST" duration-ms="205213">
    <groups>
    </groups>
    <test started-at="2024-03-24T17:31:49 IST" name="Digy4DemoTest" finished-at="2024-03-24T17:35:14 IST" duration-ms="205213">
      <class name="testng.AmazonLeftNavigationTest">
        <test-method signature="AmazonLeftNavigationtestcase()[pri:0, instance:testng.AmazonLeftNavigationTest@7bbc8656]" started-at="2024-03-24T17:31:56 IST" name="AmazonLeftNavigationtestcase" finished-at="2024-03-24T17:34:58 IST" duration-ms="181678" status="PASS">
          <reporter-output>
          </reporter-output>
        </test-method> <!-- AmazonLeftNavigationtestcase -->
      </class> <!-- testng.AmazonLeftNavigationTest -->
    </test> <!-- Digy4DemoTest -->
  </suite> <!-- TestNGDemoSuite -->
</testng-results>
